c:\users\strop\onedrive\documents\github\solarsystem\source\lesson4.3\obj\win32\debug\lesson4_3.pch
c:\users\strop\onedrive\documents\github\solarsystem\source\lesson4.3\obj\win32\debug\vc140.pdb
c:\users\strop\onedrive\documents\github\solarsystem\source\lesson4.3\obj\win32\debug\vc140.idb
c:\users\strop\onedrive\documents\github\solarsystem\source\lesson4.3\obj\win32\debug\pch.obj
c:\users\strop\onedrive\documents\github\solarsystem\source\lesson4.3\obj\win32\debug\filteringmodesdemo.obj
c:\users\strop\onedrive\documents\github\solarsystem\source\lesson4.3\obj\win32\debug\program.obj
c:\users\strop\onedrive\documents\github\solarsystem\source\lesson4.3\obj\win32\debug\renderinggame.obj
c:\users\strop\onedrive\documents\github\solarsystem\source\lesson4.3\bin\win32\debug\content\shaders\filteringmodesdemops.cso
c:\users\strop\onedrive\documents\github\solarsystem\source\lesson4.3\bin\win32\debug\content\shaders\filteringmodesdemovs.cso
c:\users\strop\onedrive\documents\github\solarsystem\source\lesson4.3\bin\win32\debug\lesson4_3.ilk
c:\users\strop\onedrive\documents\github\solarsystem\source\lesson4.3\bin\win32\debug\lesson4_3.exe
c:\users\strop\onedrive\documents\github\solarsystem\source\lesson4.3\bin\win32\debug\lesson4_3.pdb
c:\users\strop\onedrive\documents\github\solarsystem\source\lesson4.3\obj\win32\debug\lesson4_3.tlog\cl.command.1.tlog
c:\users\strop\onedrive\documents\github\solarsystem\source\lesson4.3\obj\win32\debug\lesson4_3.tlog\cl.read.1.tlog
c:\users\strop\onedrive\documents\github\solarsystem\source\lesson4.3\obj\win32\debug\lesson4_3.tlog\cl.write.1.tlog
c:\users\strop\onedrive\documents\github\solarsystem\source\lesson4.3\obj\win32\debug\lesson4_3.tlog\fxc.command.1.tlog
c:\users\strop\onedrive\documents\github\solarsystem\source\lesson4.3\obj\win32\debug\lesson4_3.tlog\fxc.read.1.tlog
c:\users\strop\onedrive\documents\github\solarsystem\source\lesson4.3\obj\win32\debug\lesson4_3.tlog\fxc.write.1.tlog
c:\users\strop\onedrive\documents\github\solarsystem\source\lesson4.3\obj\win32\debug\lesson4_3.tlog\lesson4_3.write.1u.tlog
c:\users\strop\onedrive\documents\github\solarsystem\source\lesson4.3\obj\win32\debug\lesson4_3.tlog\link.command.1.tlog
c:\users\strop\onedrive\documents\github\solarsystem\source\lesson4.3\obj\win32\debug\lesson4_3.tlog\link.read.1.tlog
c:\users\strop\onedrive\documents\github\solarsystem\source\lesson4.3\obj\win32\debug\lesson4_3.tlog\link.write.1.tlog
