c:\users\strop\onedrive\documents\github\solarsystem\source\lesson3.1\obj\win32\debug\lesson3_1.pch
c:\users\strop\onedrive\documents\github\solarsystem\source\lesson3.1\obj\win32\debug\vc140.pdb
c:\users\strop\onedrive\documents\github\solarsystem\source\lesson3.1\obj\win32\debug\vc140.idb
c:\users\strop\onedrive\documents\github\solarsystem\source\lesson3.1\obj\win32\debug\pch.obj
c:\users\strop\onedrive\documents\github\solarsystem\source\lesson3.1\obj\win32\debug\coloredtriangledemo.obj
c:\users\strop\onedrive\documents\github\solarsystem\source\lesson3.1\obj\win32\debug\program.obj
c:\users\strop\onedrive\documents\github\solarsystem\source\lesson3.1\obj\win32\debug\renderinggame.obj
c:\users\strop\onedrive\documents\github\solarsystem\source\lesson3.1\bin\win32\debug\content\shaders\coloredtriangledemops.cso
c:\users\strop\onedrive\documents\github\solarsystem\source\lesson3.1\bin\win32\debug\content\shaders\coloredtriangledemovs.cso
c:\users\strop\onedrive\documents\github\solarsystem\source\lesson3.1\bin\win32\debug\lesson3_1.ilk
c:\users\strop\onedrive\documents\github\solarsystem\source\lesson3.1\bin\win32\debug\lesson3_1.exe
c:\users\strop\onedrive\documents\github\solarsystem\source\lesson3.1\bin\win32\debug\lesson3_1.pdb
c:\users\strop\onedrive\documents\github\solarsystem\source\lesson3.1\obj\win32\debug\lesson3_1.tlog\cl.command.1.tlog
c:\users\strop\onedrive\documents\github\solarsystem\source\lesson3.1\obj\win32\debug\lesson3_1.tlog\cl.read.1.tlog
c:\users\strop\onedrive\documents\github\solarsystem\source\lesson3.1\obj\win32\debug\lesson3_1.tlog\cl.write.1.tlog
c:\users\strop\onedrive\documents\github\solarsystem\source\lesson3.1\obj\win32\debug\lesson3_1.tlog\fxc.command.1.tlog
c:\users\strop\onedrive\documents\github\solarsystem\source\lesson3.1\obj\win32\debug\lesson3_1.tlog\fxc.read.1.tlog
c:\users\strop\onedrive\documents\github\solarsystem\source\lesson3.1\obj\win32\debug\lesson3_1.tlog\fxc.write.1.tlog
c:\users\strop\onedrive\documents\github\solarsystem\source\lesson3.1\obj\win32\debug\lesson3_1.tlog\lesson3_1.write.1u.tlog
c:\users\strop\onedrive\documents\github\solarsystem\source\lesson3.1\obj\win32\debug\lesson3_1.tlog\link.command.1.tlog
c:\users\strop\onedrive\documents\github\solarsystem\source\lesson3.1\obj\win32\debug\lesson3_1.tlog\link.read.1.tlog
c:\users\strop\onedrive\documents\github\solarsystem\source\lesson3.1\obj\win32\debug\lesson3_1.tlog\link.write.1.tlog
