c:\users\strop\onedrive\documents\github\solarsystem\source\library.desktop\obj\win32\debug\library.desktop.pch
c:\users\strop\onedrive\documents\github\solarsystem\source\library.desktop\obj\win32\debug\library.desktop.pdb
c:\users\strop\onedrive\documents\github\solarsystem\source\library.desktop\obj\win32\debug\library.desktop.idb
c:\users\strop\onedrive\documents\github\solarsystem\source\library.desktop\obj\win32\debug\pch.obj
c:\users\strop\onedrive\documents\github\solarsystem\source\library.desktop\obj\win32\debug\light.obj
c:\users\strop\onedrive\documents\github\solarsystem\source\library.desktop\obj\win32\debug\matrixhelper.obj
c:\users\strop\onedrive\documents\github\solarsystem\source\library.desktop\obj\win32\debug\mesh.obj
c:\users\strop\onedrive\documents\github\solarsystem\source\library.desktop\obj\win32\debug\model.obj
c:\users\strop\onedrive\documents\github\solarsystem\source\library.desktop\obj\win32\debug\modelmaterial.obj
c:\users\strop\onedrive\documents\github\solarsystem\source\library.desktop\obj\win32\debug\mousecomponent.obj
c:\users\strop\onedrive\documents\github\solarsystem\source\library.desktop\obj\win32\debug\orthographiccamera.obj
c:\users\strop\onedrive\documents\github\solarsystem\source\library.desktop\obj\win32\debug\perspectivecamera.obj
c:\users\strop\onedrive\documents\github\solarsystem\source\library.desktop\obj\win32\debug\pointlight.obj
c:\users\strop\onedrive\documents\github\solarsystem\source\library.desktop\obj\win32\debug\proxymodel.obj
c:\users\strop\onedrive\documents\github\solarsystem\source\library.desktop\obj\win32\debug\rasterizerstates.obj
c:\users\strop\onedrive\documents\github\solarsystem\source\library.desktop\obj\win32\debug\renderstatehelper.obj
c:\users\strop\onedrive\documents\github\solarsystem\source\library.desktop\obj\win32\debug\rendertarget.obj
c:\users\strop\onedrive\documents\github\solarsystem\source\library.desktop\obj\win32\debug\samplerstates.obj
c:\users\strop\onedrive\documents\github\solarsystem\source\library.desktop\obj\win32\debug\servicecontainer.obj
c:\users\strop\onedrive\documents\github\solarsystem\source\library.desktop\obj\win32\debug\skybox.obj
c:\users\strop\onedrive\documents\github\solarsystem\source\library.desktop\obj\win32\debug\spotlight.obj
c:\users\strop\onedrive\documents\github\solarsystem\source\library.desktop\obj\win32\debug\streamhelper.obj
c:\users\strop\onedrive\documents\github\solarsystem\source\library.desktop\obj\win32\debug\utility.obj
c:\users\strop\onedrive\documents\github\solarsystem\source\library.desktop\obj\win32\debug\vectorhelper.obj
c:\users\strop\onedrive\documents\github\solarsystem\source\library.desktop\obj\win32\debug\utilitywin32.obj
c:\users\strop\onedrive\documents\github\solarsystem\source\library.desktop\obj\win32\debug\blendstates.obj
c:\users\strop\onedrive\documents\github\solarsystem\source\library.desktop\obj\win32\debug\camera.obj
c:\users\strop\onedrive\documents\github\solarsystem\source\library.desktop\obj\win32\debug\colorhelper.obj
c:\users\strop\onedrive\documents\github\solarsystem\source\library.desktop\obj\win32\debug\directionallight.obj
c:\users\strop\onedrive\documents\github\solarsystem\source\library.desktop\obj\win32\debug\drawablegamecomponent.obj
c:\users\strop\onedrive\documents\github\solarsystem\source\library.desktop\obj\win32\debug\firstpersoncamera.obj
c:\users\strop\onedrive\documents\github\solarsystem\source\library.desktop\obj\win32\debug\fpscomponent.obj
c:\users\strop\onedrive\documents\github\solarsystem\source\library.desktop\obj\win32\debug\game.obj
c:\users\strop\onedrive\documents\github\solarsystem\source\library.desktop\obj\win32\debug\gameclock.obj
c:\users\strop\onedrive\documents\github\solarsystem\source\library.desktop\obj\win32\debug\gamecomponent.obj
c:\users\strop\onedrive\documents\github\solarsystem\source\library.desktop\obj\win32\debug\gameexception.obj
c:\users\strop\onedrive\documents\github\solarsystem\source\library.desktop\obj\win32\debug\gamepadcomponent.obj
c:\users\strop\onedrive\documents\github\solarsystem\source\library.desktop\obj\win32\debug\gametime.obj
c:\users\strop\onedrive\documents\github\solarsystem\source\library.desktop\obj\win32\debug\grid.obj
c:\users\strop\onedrive\documents\github\solarsystem\source\library.desktop\obj\win32\debug\keyboardcomponent.obj
c:\users\strop\onedrive\documents\github\solarsystem\source\library.desktop\bin\win32\debug\content\shaders\basicps.cso
c:\users\strop\onedrive\documents\github\solarsystem\source\library.desktop\bin\win32\debug\content\shaders\basicvs.cso
c:\users\strop\onedrive\documents\github\solarsystem\source\library.desktop\bin\win32\debug\content\shaders\skyboxps.cso
c:\users\strop\onedrive\documents\github\solarsystem\source\library.desktop\bin\win32\debug\content\shaders\skyboxvs.cso
c:\users\strop\onedrive\documents\github\solarsystem\source\library.desktop\bin\win32\debug\library.desktop.lib
c:\users\strop\onedrive\documents\github\solarsystem\source\library.desktop\bin\win32\debug\library.desktop.pdb
c:\users\strop\onedrive\documents\github\solarsystem\source\library.desktop\obj\win32\debug\library.desktop.tlog\cl.command.1.tlog
c:\users\strop\onedrive\documents\github\solarsystem\source\library.desktop\obj\win32\debug\library.desktop.tlog\cl.read.1.tlog
c:\users\strop\onedrive\documents\github\solarsystem\source\library.desktop\obj\win32\debug\library.desktop.tlog\cl.write.1.tlog
c:\users\strop\onedrive\documents\github\solarsystem\source\library.desktop\obj\win32\debug\library.desktop.tlog\fxc.command.1.tlog
c:\users\strop\onedrive\documents\github\solarsystem\source\library.desktop\obj\win32\debug\library.desktop.tlog\fxc.read.1.tlog
c:\users\strop\onedrive\documents\github\solarsystem\source\library.desktop\obj\win32\debug\library.desktop.tlog\fxc.write.1.tlog
c:\users\strop\onedrive\documents\github\solarsystem\source\library.desktop\obj\win32\debug\library.desktop.tlog\lib-link.read.1.tlog
c:\users\strop\onedrive\documents\github\solarsystem\source\library.desktop\obj\win32\debug\library.desktop.tlog\lib-link.write.1.tlog
c:\users\strop\onedrive\documents\github\solarsystem\source\library.desktop\obj\win32\debug\library.desktop.tlog\lib.command.1.tlog
c:\users\strop\onedrive\documents\github\solarsystem\source\library.desktop\obj\win32\debug\library.desktop.tlog\library.desktop.write.1u.tlog
