c:\users\strop\onedrive\documents\github\solarsystem\source\lesson4.2\obj\win32\debug\lesson4_2.pch
c:\users\strop\onedrive\documents\github\solarsystem\source\lesson4.2\obj\win32\debug\vc140.pdb
c:\users\strop\onedrive\documents\github\solarsystem\source\lesson4.2\obj\win32\debug\vc140.idb
c:\users\strop\onedrive\documents\github\solarsystem\source\lesson4.2\obj\win32\debug\pch.obj
c:\users\strop\onedrive\documents\github\solarsystem\source\lesson4.2\obj\win32\debug\addressingmodesdemo.obj
c:\users\strop\onedrive\documents\github\solarsystem\source\lesson4.2\obj\win32\debug\program.obj
c:\users\strop\onedrive\documents\github\solarsystem\source\lesson4.2\obj\win32\debug\renderinggame.obj
c:\users\strop\onedrive\documents\github\solarsystem\source\lesson4.2\bin\win32\debug\content\shaders\addressingmodesdemops.cso
c:\users\strop\onedrive\documents\github\solarsystem\source\lesson4.2\bin\win32\debug\content\shaders\addressingmodesdemovs.cso
c:\users\strop\onedrive\documents\github\solarsystem\source\lesson4.2\bin\win32\debug\lesson4_2.ilk
c:\users\strop\onedrive\documents\github\solarsystem\source\lesson4.2\bin\win32\debug\lesson4_2.exe
c:\users\strop\onedrive\documents\github\solarsystem\source\lesson4.2\bin\win32\debug\lesson4_2.pdb
c:\users\strop\onedrive\documents\github\solarsystem\source\lesson4.2\obj\win32\debug\lesson4_2.tlog\cl.command.1.tlog
c:\users\strop\onedrive\documents\github\solarsystem\source\lesson4.2\obj\win32\debug\lesson4_2.tlog\cl.read.1.tlog
c:\users\strop\onedrive\documents\github\solarsystem\source\lesson4.2\obj\win32\debug\lesson4_2.tlog\cl.write.1.tlog
c:\users\strop\onedrive\documents\github\solarsystem\source\lesson4.2\obj\win32\debug\lesson4_2.tlog\fxc.command.1.tlog
c:\users\strop\onedrive\documents\github\solarsystem\source\lesson4.2\obj\win32\debug\lesson4_2.tlog\fxc.read.1.tlog
c:\users\strop\onedrive\documents\github\solarsystem\source\lesson4.2\obj\win32\debug\lesson4_2.tlog\fxc.write.1.tlog
c:\users\strop\onedrive\documents\github\solarsystem\source\lesson4.2\obj\win32\debug\lesson4_2.tlog\lesson4_2.write.1u.tlog
c:\users\strop\onedrive\documents\github\solarsystem\source\lesson4.2\obj\win32\debug\lesson4_2.tlog\link.command.1.tlog
c:\users\strop\onedrive\documents\github\solarsystem\source\lesson4.2\obj\win32\debug\lesson4_2.tlog\link.read.1.tlog
c:\users\strop\onedrive\documents\github\solarsystem\source\lesson4.2\obj\win32\debug\lesson4_2.tlog\link.write.1.tlog
