  C:\Users\strop\Desktop\pvarcholik-directx-essentials-livelessons-e4dc287c3bba\build\..\content\Fonts\Arial_14_Regular.spritefont
  C:\Users\strop\Desktop\pvarcholik-directx-essentials-livelessons-e4dc287c3bba\build\..\content\Models\Sphere.obj.bin
  C:\Users\strop\Desktop\pvarcholik-directx-essentials-livelessons-e4dc287c3bba\build\..\content\Shaders\BasicPS.cso
  C:\Users\strop\Desktop\pvarcholik-directx-essentials-livelessons-e4dc287c3bba\build\..\content\Shaders\BasicPS.hlsl
  C:\Users\strop\Desktop\pvarcholik-directx-essentials-livelessons-e4dc287c3bba\build\..\content\Shaders\BasicVS.cso
  C:\Users\strop\Desktop\pvarcholik-directx-essentials-livelessons-e4dc287c3bba\build\..\content\Shaders\BasicVS.hlsl
  C:\Users\strop\Desktop\pvarcholik-directx-essentials-livelessons-e4dc287c3bba\build\..\content\Shaders\SkyboxPS.cso
  C:\Users\strop\Desktop\pvarcholik-directx-essentials-livelessons-e4dc287c3bba\build\..\content\Shaders\SkyboxPS.hlsl
  C:\Users\strop\Desktop\pvarcholik-directx-essentials-livelessons-e4dc287c3bba\build\..\content\Shaders\SkyboxVS.cso
  C:\Users\strop\Desktop\pvarcholik-directx-essentials-livelessons-e4dc287c3bba\build\..\content\Shaders\SkyboxVS.hlsl
  10 File(s) copied
  C:\Users\strop\Desktop\pvarcholik-directx-essentials-livelessons-e4dc287c3bba\source\Lesson6.4\Content\Models\DirectionalLightProxy.obj.bin
  C:\Users\strop\Desktop\pvarcholik-directx-essentials-livelessons-e4dc287c3bba\source\Lesson6.4\Content\Shaders\NormalMappingDemoPS.hlsl
  C:\Users\strop\Desktop\pvarcholik-directx-essentials-livelessons-e4dc287c3bba\source\Lesson6.4\Content\Shaders\NormalMappingDemoVS.hlsl
  C:\Users\strop\Desktop\pvarcholik-directx-essentials-livelessons-e4dc287c3bba\source\Lesson6.4\Content\Textures\Blocks_COLOR_RGB.png
  C:\Users\strop\Desktop\pvarcholik-directx-essentials-livelessons-e4dc287c3bba\source\Lesson6.4\Content\Textures\Blocks_NORM.png
  C:\Users\strop\Desktop\pvarcholik-directx-essentials-livelessons-e4dc287c3bba\source\Lesson6.4\Content\Textures\DefaultNormalMap.png
  C:\Users\strop\Desktop\pvarcholik-directx-essentials-livelessons-e4dc287c3bba\source\Lesson6.4\Content\Textures\Maskonaive2_1024.dds
  7 File(s) copied
  compilation object save succeeded; see C:\Users\strop\Desktop\pvarcholik-directx-essentials-livelessons-e4dc287c3bba\source\Lesson6.4\bin\Win32\Debug\Content\Shaders\NormalMappingDemoPS.cso
  compilation object save succeeded; see C:\Users\strop\Desktop\pvarcholik-directx-essentials-livelessons-e4dc287c3bba\source\Lesson6.4\bin\Win32\Debug\Content\Shaders\NormalMappingDemoVS.cso
  pch.cpp
  RenderingGame.cpp
  Program.cpp
  NormalMappingDemo.cpp
  Generating Code...
  Lesson6_4.vcxproj -> C:\Users\strop\Desktop\pvarcholik-directx-essentials-livelessons-e4dc287c3bba\source\Lesson6.4\bin\Win32\Debug\Lesson6_4.exe
  Lesson6_4.vcxproj -> C:\Users\strop\Desktop\pvarcholik-directx-essentials-livelessons-e4dc287c3bba\source\Lesson6.4\bin\Win32\Debug\Lesson6_4.pdb (Full PDB)
