c:\users\strop\desktop\pvarcholik-directx-essentials-livelessons-e4dc287c3bba\source\lesson6.4\obj\win32\debug\lesson6_4.pch
c:\users\strop\desktop\pvarcholik-directx-essentials-livelessons-e4dc287c3bba\source\lesson6.4\obj\win32\debug\vc140.pdb
c:\users\strop\desktop\pvarcholik-directx-essentials-livelessons-e4dc287c3bba\source\lesson6.4\obj\win32\debug\vc140.idb
c:\users\strop\desktop\pvarcholik-directx-essentials-livelessons-e4dc287c3bba\source\lesson6.4\obj\win32\debug\pch.obj
c:\users\strop\desktop\pvarcholik-directx-essentials-livelessons-e4dc287c3bba\source\lesson6.4\obj\win32\debug\normalmappingdemo.obj
c:\users\strop\desktop\pvarcholik-directx-essentials-livelessons-e4dc287c3bba\source\lesson6.4\obj\win32\debug\program.obj
c:\users\strop\desktop\pvarcholik-directx-essentials-livelessons-e4dc287c3bba\source\lesson6.4\obj\win32\debug\renderinggame.obj
c:\users\strop\desktop\pvarcholik-directx-essentials-livelessons-e4dc287c3bba\source\lesson6.4\bin\win32\debug\content\shaders\normalmappingdemops.cso
c:\users\strop\desktop\pvarcholik-directx-essentials-livelessons-e4dc287c3bba\source\lesson6.4\bin\win32\debug\content\shaders\normalmappingdemovs.cso
c:\users\strop\desktop\pvarcholik-directx-essentials-livelessons-e4dc287c3bba\source\lesson6.4\bin\win32\debug\lesson6_4.ilk
c:\users\strop\desktop\pvarcholik-directx-essentials-livelessons-e4dc287c3bba\source\lesson6.4\bin\win32\debug\lesson6_4.exe
c:\users\strop\desktop\pvarcholik-directx-essentials-livelessons-e4dc287c3bba\source\lesson6.4\bin\win32\debug\lesson6_4.pdb
c:\users\strop\onedrive\documents\github\solarsystem\source\lesson6.4\obj\win32\debug\normalmappingdemo.obj
c:\users\strop\onedrive\documents\github\solarsystem\source\lesson6.4\obj\win32\debug\pch.obj
c:\users\strop\onedrive\documents\github\solarsystem\source\lesson6.4\obj\win32\debug\program.obj
c:\users\strop\onedrive\documents\github\solarsystem\source\lesson6.4\obj\win32\debug\renderinggame.obj
c:\users\strop\onedrive\documents\github\solarsystem\source\lesson6.4\obj\win32\debug\lesson6_4.pch
c:\users\strop\onedrive\documents\github\solarsystem\source\lesson6.4\obj\win32\debug\vc140.idb
c:\users\strop\onedrive\documents\github\solarsystem\source\lesson6.4\obj\win32\debug\vc140.pdb
c:\users\strop\onedrive\documents\github\solarsystem\source\lesson6.4\bin\win32\debug\lesson6_4.pdb
c:\users\strop\onedrive\documents\github\solarsystem\source\lesson6.4\bin\win32\debug\lesson6_4.exe
c:\users\strop\onedrive\documents\github\solarsystem\source\lesson6.4\bin\win32\debug\lesson6_4.ilk
c:\users\strop\onedrive\documents\github\solarsystem\source\lesson6.4\obj\win32\debug\lesson6_4.tlog\cl.command.1.tlog
c:\users\strop\onedrive\documents\github\solarsystem\source\lesson6.4\obj\win32\debug\lesson6_4.tlog\cl.read.1.tlog
c:\users\strop\onedrive\documents\github\solarsystem\source\lesson6.4\obj\win32\debug\lesson6_4.tlog\cl.write.1.tlog
c:\users\strop\onedrive\documents\github\solarsystem\source\lesson6.4\obj\win32\debug\lesson6_4.tlog\fxc.command.1.tlog
c:\users\strop\onedrive\documents\github\solarsystem\source\lesson6.4\obj\win32\debug\lesson6_4.tlog\fxc.read.1.tlog
c:\users\strop\onedrive\documents\github\solarsystem\source\lesson6.4\obj\win32\debug\lesson6_4.tlog\fxc.write.1.tlog
c:\users\strop\onedrive\documents\github\solarsystem\source\lesson6.4\obj\win32\debug\lesson6_4.tlog\lesson6_4.write.1u.tlog
c:\users\strop\onedrive\documents\github\solarsystem\source\lesson6.4\obj\win32\debug\lesson6_4.tlog\link.command.1.tlog
c:\users\strop\onedrive\documents\github\solarsystem\source\lesson6.4\obj\win32\debug\lesson6_4.tlog\link.read.1.tlog
c:\users\strop\onedrive\documents\github\solarsystem\source\lesson6.4\obj\win32\debug\lesson6_4.tlog\link.write.1.tlog
