c:\users\strop\desktop\pvarcholik-directx-essentials-livelessons-e4dc287c3bba\source\lesson1.1\obj\win32\debug\lesson1_1.pch
c:\users\strop\desktop\pvarcholik-directx-essentials-livelessons-e4dc287c3bba\source\lesson1.1\obj\win32\debug\vc140.pdb
c:\users\strop\desktop\pvarcholik-directx-essentials-livelessons-e4dc287c3bba\source\lesson1.1\obj\win32\debug\vc140.idb
c:\users\strop\desktop\pvarcholik-directx-essentials-livelessons-e4dc287c3bba\source\lesson1.1\obj\win32\debug\pch.obj
c:\users\strop\desktop\pvarcholik-directx-essentials-livelessons-e4dc287c3bba\source\lesson1.1\obj\win32\debug\gameexception.obj
c:\users\strop\desktop\pvarcholik-directx-essentials-livelessons-e4dc287c3bba\source\lesson1.1\obj\win32\debug\program.obj
c:\users\strop\desktop\pvarcholik-directx-essentials-livelessons-e4dc287c3bba\source\lesson1.1\bin\win32\debug\lesson1_1.ilk
c:\users\strop\desktop\pvarcholik-directx-essentials-livelessons-e4dc287c3bba\source\lesson1.1\bin\win32\debug\lesson1_1.exe
c:\users\strop\desktop\pvarcholik-directx-essentials-livelessons-e4dc287c3bba\source\lesson1.1\bin\win32\debug\lesson1_1.pdb
c:\users\strop\onedrive\documents\github\solarsystem\source\lesson1.1\obj\win32\debug\gameexception.obj
c:\users\strop\onedrive\documents\github\solarsystem\source\lesson1.1\obj\win32\debug\pch.obj
c:\users\strop\onedrive\documents\github\solarsystem\source\lesson1.1\obj\win32\debug\program.obj
c:\users\strop\onedrive\documents\github\solarsystem\source\lesson1.1\obj\win32\debug\lesson1_1.pch
c:\users\strop\onedrive\documents\github\solarsystem\source\lesson1.1\obj\win32\debug\vc140.idb
c:\users\strop\onedrive\documents\github\solarsystem\source\lesson1.1\obj\win32\debug\vc140.pdb
c:\users\strop\onedrive\documents\github\solarsystem\source\lesson1.1\bin\win32\debug\lesson1_1.pdb
c:\users\strop\onedrive\documents\github\solarsystem\source\lesson1.1\bin\win32\debug\lesson1_1.exe
c:\users\strop\onedrive\documents\github\solarsystem\source\lesson1.1\bin\win32\debug\lesson1_1.ilk
c:\users\strop\onedrive\documents\github\solarsystem\source\lesson1.1\obj\win32\debug\lesson1_1.tlog\cl.command.1.tlog
c:\users\strop\onedrive\documents\github\solarsystem\source\lesson1.1\obj\win32\debug\lesson1_1.tlog\cl.read.1.tlog
c:\users\strop\onedrive\documents\github\solarsystem\source\lesson1.1\obj\win32\debug\lesson1_1.tlog\cl.write.1.tlog
c:\users\strop\onedrive\documents\github\solarsystem\source\lesson1.1\obj\win32\debug\lesson1_1.tlog\link.command.1.tlog
c:\users\strop\onedrive\documents\github\solarsystem\source\lesson1.1\obj\win32\debug\lesson1_1.tlog\link.read.1.tlog
c:\users\strop\onedrive\documents\github\solarsystem\source\lesson1.1\obj\win32\debug\lesson1_1.tlog\link.write.1.tlog
