C:\Program Files (x86)\MSBuild\Microsoft.Cpp\v4.0\V140\Microsoft.CppBuild.targets(392,5): warning MSB8028: The intermediate directory (C:\Users\strop\OneDrive\Documents\GitHub\SolarSystem\source\Lesson5.4\obj\Win32\Debug\) contains files shared from another project (Lesson5_4.vcxproj).  This can lead to incorrect clean and rebuild behavior.
  A subdirectory or file C:\Users\strop\OneDrive\Documents\GitHub\SolarSystem\source\Lesson5.4\bin\Win32\Debug\Content already exists.
  C:\Users\strop\OneDrive\Documents\GitHub\SolarSystem\build\..\content\Fonts\Arial_14_Regular.spritefont
  C:\Users\strop\OneDrive\Documents\GitHub\SolarSystem\build\..\content\Models\Sphere.obj.bin
  C:\Users\strop\OneDrive\Documents\GitHub\SolarSystem\build\..\content\Shaders\BasicPS.cso
  C:\Users\strop\OneDrive\Documents\GitHub\SolarSystem\build\..\content\Shaders\BasicPS.hlsl
  C:\Users\strop\OneDrive\Documents\GitHub\SolarSystem\build\..\content\Shaders\BasicVS.cso
  C:\Users\strop\OneDrive\Documents\GitHub\SolarSystem\build\..\content\Shaders\BasicVS.hlsl
  C:\Users\strop\OneDrive\Documents\GitHub\SolarSystem\build\..\content\Shaders\SkyboxPS.cso
  C:\Users\strop\OneDrive\Documents\GitHub\SolarSystem\build\..\content\Shaders\SkyboxPS.hlsl
  C:\Users\strop\OneDrive\Documents\GitHub\SolarSystem\build\..\content\Shaders\SkyboxVS.cso
  C:\Users\strop\OneDrive\Documents\GitHub\SolarSystem\build\..\content\Shaders\SkyboxVS.hlsl
  10 File(s) copied
  C:\Users\strop\OneDrive\Documents\GitHub\SolarSystem\source\Lesson5.4\Content\Models\PointLightProxy.obj.bin
  C:\Users\strop\OneDrive\Documents\GitHub\SolarSystem\source\Lesson5.4\Content\Models\Sphere.obj.bin
  C:\Users\strop\OneDrive\Documents\GitHub\SolarSystem\source\Lesson5.4\Content\Shaders\AmbientLightingDemoPS.hlsl
  C:\Users\strop\OneDrive\Documents\GitHub\SolarSystem\source\Lesson5.4\Content\Shaders\AmbientLightingDemoVS.hlsl
  C:\Users\strop\OneDrive\Documents\GitHub\SolarSystem\source\Lesson5.4\Content\Shaders\PointLightDemoPS.hlsl
  C:\Users\strop\OneDrive\Documents\GitHub\SolarSystem\source\Lesson5.4\Content\Shaders\PointLightDemoVS.hlsl
  C:\Users\strop\OneDrive\Documents\GitHub\SolarSystem\source\Lesson5.4\Content\Textures\EarthComposite.dds
  C:\Users\strop\OneDrive\Documents\GitHub\SolarSystem\source\Lesson5.4\Content\Textures\EarthSpecularMap.png
  C:\Users\strop\OneDrive\Documents\GitHub\SolarSystem\source\Lesson5.4\Content\Textures\jupiter.dds
  C:\Users\strop\OneDrive\Documents\GitHub\SolarSystem\source\Lesson5.4\Content\Textures\mars.dds
  C:\Users\strop\OneDrive\Documents\GitHub\SolarSystem\source\Lesson5.4\Content\Textures\mercury.dds
  C:\Users\strop\OneDrive\Documents\GitHub\SolarSystem\source\Lesson5.4\Content\Textures\moon.dds
  C:\Users\strop\OneDrive\Documents\GitHub\SolarSystem\source\Lesson5.4\Content\Textures\neptune.dds
  C:\Users\strop\OneDrive\Documents\GitHub\SolarSystem\source\Lesson5.4\Content\Textures\pluto.dds
  C:\Users\strop\OneDrive\Documents\GitHub\SolarSystem\source\Lesson5.4\Content\Textures\saturn.dds
  C:\Users\strop\OneDrive\Documents\GitHub\SolarSystem\source\Lesson5.4\Content\Textures\sun.dds
  C:\Users\strop\OneDrive\Documents\GitHub\SolarSystem\source\Lesson5.4\Content\Textures\uranus.dds
  C:\Users\strop\OneDrive\Documents\GitHub\SolarSystem\source\Lesson5.4\Content\Textures\venus.dds
  18 File(s) copied
  Moon.cpp
  Lesson5_4.vcxproj -> C:\Users\strop\OneDrive\Documents\GitHub\SolarSystem\source\Lesson5.4\bin\Win32\Debug\SolarSystem.exe
  Lesson5_4.vcxproj -> C:\Users\strop\OneDrive\Documents\GitHub\SolarSystem\source\Lesson5.4\bin\Win32\Debug\SolarSystem.pdb (Full PDB)
