c:\users\strop\onedrive\documents\github\solarsystem\source\lesson5.4\obj\win32\debug\solarsystem.pch
c:\users\strop\onedrive\documents\github\solarsystem\source\lesson5.4\obj\win32\debug\vc140.pdb
c:\users\strop\onedrive\documents\github\solarsystem\source\lesson5.4\obj\win32\debug\vc140.idb
c:\users\strop\onedrive\documents\github\solarsystem\source\lesson5.4\obj\win32\debug\pch.obj
c:\users\strop\onedrive\documents\github\solarsystem\source\lesson5.4\obj\win32\debug\celestialbody.obj
c:\users\strop\onedrive\documents\github\solarsystem\source\lesson5.4\obj\win32\debug\pointlightdemo.obj
c:\users\strop\onedrive\documents\github\solarsystem\source\lesson5.4\obj\win32\debug\program.obj
c:\users\strop\onedrive\documents\github\solarsystem\source\lesson5.4\obj\win32\debug\renderinggame.obj
c:\users\strop\onedrive\documents\github\solarsystem\source\lesson5.4\obj\win32\debug\path.obj
c:\users\strop\onedrive\documents\github\solarsystem\source\lesson5.4\bin\win32\debug\content\shaders\pointlightdemops.cso
c:\users\strop\onedrive\documents\github\solarsystem\source\lesson5.4\bin\win32\debug\content\shaders\pointlightdemovs.cso
c:\users\strop\onedrive\documents\github\solarsystem\source\lesson5.4\bin\win32\debug\solarsystem.ilk
c:\users\strop\onedrive\documents\github\solarsystem\source\lesson5.4\bin\win32\debug\solarsystem.exe
c:\users\strop\onedrive\documents\github\solarsystem\source\lesson5.4\bin\win32\debug\solarsystem.pdb
c:\users\strop\onedrive\documents\github\solarsystem\source\lesson5.4\obj\win32\debug\lesson5_4.pch
c:\users\strop\onedrive\documents\github\solarsystem\source\lesson5.4\obj\win32\debug\solarsystem.tlog\cl.command.1.tlog
c:\users\strop\onedrive\documents\github\solarsystem\source\lesson5.4\obj\win32\debug\solarsystem.tlog\cl.read.1.tlog
c:\users\strop\onedrive\documents\github\solarsystem\source\lesson5.4\obj\win32\debug\solarsystem.tlog\cl.write.1.tlog
c:\users\strop\onedrive\documents\github\solarsystem\source\lesson5.4\obj\win32\debug\solarsystem.tlog\fxc.command.1.tlog
c:\users\strop\onedrive\documents\github\solarsystem\source\lesson5.4\obj\win32\debug\solarsystem.tlog\fxc.read.1.tlog
c:\users\strop\onedrive\documents\github\solarsystem\source\lesson5.4\obj\win32\debug\solarsystem.tlog\fxc.write.1.tlog
c:\users\strop\onedrive\documents\github\solarsystem\source\lesson5.4\obj\win32\debug\solarsystem.tlog\link.command.1.tlog
c:\users\strop\onedrive\documents\github\solarsystem\source\lesson5.4\obj\win32\debug\solarsystem.tlog\link.read.1.tlog
c:\users\strop\onedrive\documents\github\solarsystem\source\lesson5.4\obj\win32\debug\solarsystem.tlog\link.write.1.tlog
c:\users\strop\onedrive\documents\github\solarsystem\source\lesson5.4\obj\win32\debug\solarsystem.tlog\solarsystem.write.1u.tlog
