  C:\Users\strop\Desktop\pvarcholik-directx-essentials-livelessons-e4dc287c3bba\build\..\content\Fonts\Arial_14_Regular.spritefont
  C:\Users\strop\Desktop\pvarcholik-directx-essentials-livelessons-e4dc287c3bba\build\..\content\Models\Sphere.obj.bin
  C:\Users\strop\Desktop\pvarcholik-directx-essentials-livelessons-e4dc287c3bba\build\..\content\Shaders\BasicPS.cso
  C:\Users\strop\Desktop\pvarcholik-directx-essentials-livelessons-e4dc287c3bba\build\..\content\Shaders\BasicPS.hlsl
  C:\Users\strop\Desktop\pvarcholik-directx-essentials-livelessons-e4dc287c3bba\build\..\content\Shaders\BasicVS.cso
  C:\Users\strop\Desktop\pvarcholik-directx-essentials-livelessons-e4dc287c3bba\build\..\content\Shaders\BasicVS.hlsl
  C:\Users\strop\Desktop\pvarcholik-directx-essentials-livelessons-e4dc287c3bba\build\..\content\Shaders\SkyboxPS.cso
  C:\Users\strop\Desktop\pvarcholik-directx-essentials-livelessons-e4dc287c3bba\build\..\content\Shaders\SkyboxPS.hlsl
  C:\Users\strop\Desktop\pvarcholik-directx-essentials-livelessons-e4dc287c3bba\build\..\content\Shaders\SkyboxVS.cso
  C:\Users\strop\Desktop\pvarcholik-directx-essentials-livelessons-e4dc287c3bba\build\..\content\Shaders\SkyboxVS.hlsl
  10 File(s) copied
  C:\Users\strop\Desktop\pvarcholik-directx-essentials-livelessons-e4dc287c3bba\source\Lesson4.1\Content\Models\Sphere.obj.bin
  C:\Users\strop\Desktop\pvarcholik-directx-essentials-livelessons-e4dc287c3bba\source\Lesson4.1\Content\Shaders\TexturedModelDemoPS.hlsl
  C:\Users\strop\Desktop\pvarcholik-directx-essentials-livelessons-e4dc287c3bba\source\Lesson4.1\Content\Shaders\TexturedModelDemoVS.hlsl
  C:\Users\strop\Desktop\pvarcholik-directx-essentials-livelessons-e4dc287c3bba\source\Lesson4.1\Content\Textures\EarthComposite.dds
  4 File(s) copied
  compilation object save succeeded; see C:\Users\strop\Desktop\pvarcholik-directx-essentials-livelessons-e4dc287c3bba\source\Lesson4.1\bin\Win32\Debug\Content\Shaders\TexturedModelDemoPS.cso
  compilation object save succeeded; see C:\Users\strop\Desktop\pvarcholik-directx-essentials-livelessons-e4dc287c3bba\source\Lesson4.1\bin\Win32\Debug\Content\Shaders\TexturedModelDemoVS.cso
  pch.cpp
  RenderingGame.cpp
  Program.cpp
  TexturedModelDemo.cpp
  Generating Code...
  Lesson4_1.vcxproj -> C:\Users\strop\Desktop\pvarcholik-directx-essentials-livelessons-e4dc287c3bba\source\Lesson4.1\bin\Win32\Debug\Lesson4_1.exe
  Lesson4_1.vcxproj -> C:\Users\strop\Desktop\pvarcholik-directx-essentials-livelessons-e4dc287c3bba\source\Lesson4.1\bin\Win32\Debug\Lesson4_1.pdb (Full PDB)
